root - INFO - Бот запускается
telegram.ext.updater - INFO - Received signal 2 (SIGINT), stopping...
2018-12-27 13:06:06,263 - INFO - Бот запускается
2018-12-27 13:06:25,421 - INFO - User: dm_zakharov, Chat id: 435920381, Message: /start
2018-12-27 13:07:39,380 - INFO - Received signal 2 (SIGINT), stopping...
2018-12-27 17:54:32,684 - INFO - Бот запускается
2018-12-27 17:54:58,161 - INFO - using lxml
2018-12-27 17:55:00,373 - INFO - using lxml html builder
2018-12-27 17:55:02,663 - INFO - using lxml html builder
2018-12-27 17:55:04,343 - INFO - using lxml html builder
2018-12-27 17:55:38,246 - INFO - Received signal 2 (SIGINT), stopping...
2018-12-27 17:57:30,559 - INFO - Бот запускается
2018-12-27 17:57:38,171 - INFO - User: dm_zakharov, Chat id: 435920381, Message: Поиск фильма
2018-12-27 17:57:49,674 - INFO - using lxml
2018-12-27 17:57:51,206 - INFO - using lxml html builder
2018-12-27 17:57:54,227 - INFO - using lxml html builder
2018-12-27 17:57:56,070 - INFO - using lxml html builder
2018-12-27 17:57:56,115 - INFO - User: dm_zakharov, Chat id: 435920381, Message: Matrix
2018-12-27 17:58:03,507 - INFO - User: dm_zakharov, Chat id: 435920381, Message: Отмена
2018-12-27 17:58:10,788 - INFO - User: dm_zakharov, Chat id: 435920381, Message: Поиск актера
2018-12-27 17:58:19,760 - INFO - using lxml html builder
2018-12-27 17:58:21,753 - INFO - using lxml html builder
2018-12-27 17:58:23,674 - INFO - using lxml html builder
2018-12-27 17:58:23,857 - INFO - User: dm_zakharov, Chat id: 435920381, Message: Mel Gibson
2018-12-27 17:58:31,553 - INFO - User: dm_zakharov, Chat id: 435920381, Message: Отмена
2018-12-27 17:59:02,599 - INFO - Received signal 2 (SIGINT), stopping...
2018-12-27 20:36:18,211 - INFO - Бот запускается
2018-12-27 20:37:22,430 - INFO - Бот запускается
